#
# There is insufficient memory for the Java Runtime Environment to continue.
# Native memory allocation (malloc) failed to allocate 1105376 bytes for Chunk::new
# Possible reasons:
#   The system is out of physical RAM or swap space
#   The process is running with CompressedOops enabled, and the Java Heap may be blocking the growth of the native heap
# Possible solutions:
#   Reduce memory load on the system
#   Increase physical memory or swap space
#   Check if swap backing store is full
#   Decrease Java heap size (-Xmx/-Xms)
#   Decrease number of Java threads
#   Decrease Java thread stack sizes (-Xss)
#   Set larger code cache with -XX:ReservedCodeCacheSize=
#   JVM is running with Unscaled Compressed Oops mode in which the Java heap is
#     placed in the first 4GB address space. The Java Heap base address is the
#     maximum limit for the native heap growth. Please use -XX:HeapBaseMinAddress
#     to set the Java Heap base and to place the Java Heap above 4GB virtual address.
# This output file may be truncated or incomplete.
#
#  Out of Memory Error (./src/hotspot/share/memory/arena.cpp:197), pid=28256, tid=16560
#
# JRE version: OpenJDK Runtime Environment (11.0.11+9) (build 11.0.11+9-b60-7590822)
# Java VM: OpenJDK 64-Bit Server VM (11.0.11+9-b60-7590822, mixed mode, tiered, compressed oops, g1 gc, windows-amd64)
# No core dump will be written. Minidumps are not enabled by default on client versions of Windows
#

---------------  S U M M A R Y ------------

Command Line: --add-opens=java.base/java.util=ALL-UNNAMED --add-opens=java.base/java.lang=ALL-UNNAMED --add-opens=java.base/java.lang.invoke=ALL-UNNAMED --add-opens=java.base/java.util=ALL-UNNAMED --add-opens=java.prefs/java.util.prefs=ALL-UNNAMED --add-opens=java.prefs/java.util.prefs=ALL-UNNAMED --add-opens=java.base/java.nio.charset=ALL-UNNAMED --add-opens=java.base/java.net=ALL-UNNAMED --add-opens=java.base/java.util.concurrent.atomic=ALL-UNNAMED -Xmx2048m -Dfile.encoding=UTF-8 -Duser.country=RU -Duser.language=ru -Duser.variant org.gradle.launcher.daemon.bootstrap.GradleDaemon 7.2

Host: Intel(R) Core(TM) i5-8300H CPU @ 2.30GHz, 8 cores, 7G,  Windows 10 , 64 bit Build 22000 (10.0.22000.675)
Time: Tue May 24 21:20:47 2022 Центральноевропейский (лето) elapsed time: 15.852656 seconds (0d 0h 0m 15s)

---------------  T H R E A D  ---------------

Current thread (0x000002ac355c2800):  JavaThread "C2 CompilerThread0" daemon [_thread_in_native, id=16560, stack(0x000000df69f00000,0x000000df6a000000)]


Current CompileTask:
C2:  15852 7449       4       org.gradle.internal.instantiation.generator.AbstractClassGenerator::inspectType (560 bytes)

Stack: [0x000000df69f00000,0x000000df6a000000]
Native frames: (J=compiled Java code, j=interpreted, Vv=VM code, C=native code)
V  [jvm.dll+0x5f214a]
V  [jvm.dll+0x726fb5]
V  [jvm.dll+0x7285cd]
V  [jvm.dll+0x728c83]
V  [jvm.dll+0x243278]
V  [jvm.dll+0xbc53c]
V  [jvm.dll+0xbca3c]
V  [jvm.dll+0x2b5c34]
V  [jvm.dll+0x508488]
V  [jvm.dll+0x203d53]
V  [jvm.dll+0x1fdbac]
V  [jvm.dll+0x1fb35f]
V  [jvm.dll+0x183d6c]
V  [jvm.dll+0x209a57]
V  [jvm.dll+0x2082a1]
V  [jvm.dll+0x6ef58f]
V  [jvm.dll+0x6e80b5]
V  [jvm.dll+0x5f1036]
C  [ucrtbase.dll+0x26c0c]
C  [KERNEL32.DLL+0x154e0]
C  [ntdll.dll+0x485b]


---------------  P R O C E S S  ---------------

Threads class SMR info:
_java_thread_list=0x000002ac39a65eb0, length=122, elements={
0x000002ac1b116000, 0x000002ac35597000, 0x000002ac3559a000, 0x000002ac355b4800,
0x000002ac355b6800, 0x000002ac355b7800, 0x000002ac355c2800, 0x000002ac355c8000,
0x000002ac355cc000, 0x000002ac36087000, 0x000002ac36fbe000, 0x000002ac37aa9800,
0x000002ac386ca800, 0x000002ac36174800, 0x000002ac38b67800, 0x000002ac3867a000,
0x000002ac37f80000, 0x000002ac37f80800, 0x000002ac36935800, 0x000002ac3790e800,
0x000002ac3790e000, 0x000002ac3790a800, 0x000002ac3790c000, 0x000002ac37910800,
0x000002ac37911000, 0x000002ac3790b800, 0x000002ac3790f800, 0x000002ac3790d000,
0x000002ac39229800, 0x000002ac3922a800, 0x000002ac3922c000, 0x000002ac3922d000,
0x000002ac39228000, 0x000002ac3922e800, 0x000002ac39229000, 0x000002ac39231000,
0x000002ac39234800, 0x000002ac39232000, 0x000002ac39232800, 0x000002ac39235000,
0x000002ac39233800, 0x000002ac3922f800, 0x000002ac39236000, 0x000002ac39230800,
0x000002ac39237000, 0x000002ac37403800, 0x000002ac37408800, 0x000002ac37409000,
0x000002ac3740a000, 0x000002ac37406000, 0x000002ac37404000, 0x000002ac37407800,
0x000002ac3740a800, 0x000002ac37405000, 0x000002ac3740c800, 0x000002ac37406800,
0x000002ac3740d000, 0x000002ac3740e000, 0x000002ac3740f000, 0x000002ac37411800,
0x000002ac3740f800, 0x000002ac3740b800, 0x000002ac37412000, 0x000002ac37410800,
0x000002ac37312800, 0x000002ac37314000, 0x000002ac37313000, 0x000002ac37314800,
0x000002ac3730f000, 0x000002ac37315800, 0x000002ac37310800, 0x000002ac37310000,
0x000002ac37317000, 0x000002ac37316800, 0x000002ac37311800, 0x000002ac3731d000,
0x000002ac3731b800, 0x000002ac3731d800, 0x000002ac3731c000, 0x000002ac37319000,
0x000002ac3731a800, 0x000002ac37318000, 0x000002ac37319800, 0x000002ac36206800,
0x000002ac36208800, 0x000002ac36207000, 0x000002ac36208000, 0x000002ac36204800,
0x000002ac36209800, 0x000002ac36205800, 0x000002ac36204000, 0x000002ac3620d800,
0x000002ac3620c000, 0x000002ac3620e800, 0x000002ac3620d000, 0x000002ac36210000,
0x000002ac3620f000, 0x000002ac3620a800, 0x000002ac36211000, 0x000002ac3620b000,
0x000002ac36211800, 0x000002ac36212800, 0x000002ac3b329800, 0x000002ac3b32c000,
0x000002ac3b32a000, 0x000002ac3b32b000, 0x000002ac3b327800, 0x000002ac3b32e000,
0x000002ac3b32c800, 0x000002ac3b328800, 0x000002ac3b32f000, 0x000002ac3b32d800,
0x000002ac3b335800, 0x000002ac3b334800, 0x000002ac3b330000, 0x000002ac3b336800,
0x000002ac3b334000, 0x000002ac3b330800, 0x000002ac3b331800, 0x000002ac3b332800,
0x000002ac3b333000, 0x000002ac3904e000
}

Java Threads: ( => current thread )
  0x000002ac1b116000 JavaThread "main" [_thread_blocked, id=19612, stack(0x000000df69300000,0x000000df69400000)]
  0x000002ac35597000 JavaThread "Reference Handler" daemon [_thread_blocked, id=6080, stack(0x000000df69a00000,0x000000df69b00000)]
  0x000002ac3559a000 JavaThread "Finalizer" daemon [_thread_blocked, id=16248, stack(0x000000df69b00000,0x000000df69c00000)]
  0x000002ac355b4800 JavaThread "Signal Dispatcher" daemon [_thread_blocked, id=18008, stack(0x000000df69c00000,0x000000df69d00000)]
  0x000002ac355b6800 JavaThread "Attach Listener" daemon [_thread_blocked, id=28624, stack(0x000000df69d00000,0x000000df69e00000)]
  0x000002ac355b7800 JavaThread "Service Thread" daemon [_thread_blocked, id=19996, stack(0x000000df69e00000,0x000000df69f00000)]
=>0x000002ac355c2800 JavaThread "C2 CompilerThread0" daemon [_thread_in_native, id=16560, stack(0x000000df69f00000,0x000000df6a000000)]
  0x000002ac355c8000 JavaThread "C1 CompilerThread0" daemon [_thread_blocked, id=26928, stack(0x000000df6a000000,0x000000df6a100000)]
  0x000002ac355cc000 JavaThread "Sweeper thread" daemon [_thread_blocked, id=4556, stack(0x000000df6a100000,0x000000df6a200000)]
  0x000002ac36087000 JavaThread "Common-Cleaner" daemon [_thread_blocked, id=27344, stack(0x000000df6a200000,0x000000df6a300000)]
  0x000002ac36fbe000 JavaThread "Daemon health stats" [_thread_blocked, id=4716, stack(0x000000df6a700000,0x000000df6a800000)]
  0x000002ac37aa9800 JavaThread "Incoming local TCP Connector on port 57393" [_thread_in_native, id=4568, stack(0x000000df6a400000,0x000000df6a500000)]
  0x000002ac386ca800 JavaThread "Daemon periodic checks" [_thread_blocked, id=21984, stack(0x000000df6a800000,0x000000df6a900000)]
  0x000002ac36174800 JavaThread "Daemon" [_thread_blocked, id=20912, stack(0x000000df6a900000,0x000000df6aa00000)]
  0x000002ac38b67800 JavaThread "Handler for socket connection from /127.0.0.1:57393 to /127.0.0.1:57394" [_thread_in_native, id=16760, stack(0x000000df6aa00000,0x000000df6ab00000)]
  0x000002ac3867a000 JavaThread "Cancel handler" [_thread_blocked, id=20764, stack(0x000000df6ab00000,0x000000df6ac00000)]
  0x000002ac37f80000 JavaThread "Daemon worker" [_thread_in_Java, id=19636, stack(0x000000df6ac00000,0x000000df6ad00000)]
  0x000002ac37f80800 JavaThread "Asynchronous log dispatcher for DefaultDaemonConnection: socket connection from /127.0.0.1:57393 to /127.0.0.1:57394" [_thread_blocked, id=22812, stack(0x000000df6ad00000,0x000000df6ae00000)]
  0x000002ac36935800 JavaThread "Stdin handler" [_thread_blocked, id=1668, stack(0x000000df6ae00000,0x000000df6af00000)]
  0x000002ac3790e800 JavaThread "Daemon client event forwarder" [_thread_blocked, id=22716, stack(0x000000df6af00000,0x000000df6b000000)]
  0x000002ac3790e000 JavaThread "Cache worker for journal cache (C:\Users\gavnu\.gradle\caches\journal-1)" [_thread_blocked, id=28148, stack(0x000000df6b500000,0x000000df6b600000)]
  0x000002ac3790a800 JavaThread "File lock request listener" [_thread_in_native, id=11580, stack(0x000000df6b600000,0x000000df6b700000)]
  0x000002ac3790c000 JavaThread "Cache worker for file hash cache (C:\Users\gavnu\.gradle\caches\7.2\fileHashes)" [_thread_blocked, id=25676, stack(0x000000df6b700000,0x000000df6b800000)]
  0x000002ac37910800 JavaThread "Cache worker for file hash cache (C:\Users\gavnu\AndroidStudioProjects\game\.gradle\7.2\fileHashes)" [_thread_blocked, id=18852, stack(0x000000df6b900000,0x000000df6ba00000)]
  0x000002ac37911000 JavaThread "File watcher server" daemon [_thread_in_native, id=5452, stack(0x000000df6ba00000,0x000000df6bb00000)]
  0x000002ac3790b800 JavaThread "File watcher consumer" daemon [_thread_blocked, id=27156, stack(0x000000df6bb00000,0x000000df6bc00000)]
  0x000002ac3790f800 JavaThread "Cache worker for checksums cache (C:\Users\gavnu\AndroidStudioProjects\game\.gradle\checksums)" [_thread_blocked, id=28312, stack(0x000000df6bc00000,0x000000df6bd00000)]
  0x000002ac3790d000 JavaThread "Cache worker for cache directory md-supplier (C:\Users\gavnu\.gradle\caches\7.2\md-supplier)" [_thread_blocked, id=20520, stack(0x000000df6bd00000,0x000000df6be00000)]
  0x000002ac39229800 JavaThread "Cache worker for cache directory md-rule (C:\Users\gavnu\.gradle\caches\7.2\md-rule)" [_thread_blocked, id=16664, stack(0x000000df6be00000,0x000000df6bf00000)]
  0x000002ac3922a800 JavaThread "Cache worker for execution history cache (C:\Users\gavnu\.gradle\caches\7.2\executionHistory)" [_thread_blocked, id=18272, stack(0x000000df6bf00000,0x000000df6c000000)]
  0x000002ac3922c000 JavaThread "jar transforms" [_thread_blocked, id=23720, stack(0x000000df6c000000,0x000000df6c100000)]
  0x000002ac3922d000 JavaThread "Cache worker for file content cache (C:\Users\gavnu\.gradle\caches\7.2\fileContent)" [_thread_blocked, id=23404, stack(0x000000df6c100000,0x000000df6c200000)]
  0x000002ac39228000 JavaThread "jar transforms Thread 2" [_thread_blocked, id=23268, stack(0x000000df6c200000,0x000000df6c300000)]
  0x000002ac3922e800 JavaThread "Cache worker for dependencies-accessors (C:\Users\gavnu\AndroidStudioProjects\game\.gradle\7.2\dependencies-accessors)" [_thread_blocked, id=18856, stack(0x000000df6c300000,0x000000df6c400000)]
  0x000002ac39229000 JavaThread "jar transforms Thread 3" [_thread_blocked, id=2528, stack(0x000000df6c400000,0x000000df6c500000)]
  0x000002ac39231000 JavaThread "Cache worker for Build Output Cleanup Cache (C:\Users\gavnu\AndroidStudioProjects\game\.gradle\buildOutputCleanup)" [_thread_blocked, id=3132, stack(0x000000df6c500000,0x000000df6c600000)]
  0x000002ac39234800 JavaThread "Unconstrained build operations" [_thread_blocked, id=20244, stack(0x000000df6c600000,0x000000df6c700000)]
  0x000002ac39232000 JavaThread "Unconstrained build operations Thread 2" [_thread_blocked, id=13676, stack(0x000000df6c700000,0x000000df6c800000)]
  0x000002ac39232800 JavaThread "Unconstrained build operations Thread 3" [_thread_blocked, id=5200, stack(0x000000df6c800000,0x000000df6c900000)]
  0x000002ac39235000 JavaThread "Unconstrained build operations Thread 4" [_thread_blocked, id=24692, stack(0x000000df6c900000,0x000000df6ca00000)]
  0x000002ac39233800 JavaThread "Unconstrained build operations Thread 5" [_thread_blocked, id=10544, stack(0x000000df6ca00000,0x000000df6cb00000)]
  0x000002ac3922f800 JavaThread "Unconstrained build operations Thread 6" [_thread_blocked, id=22168, stack(0x000000df6cb00000,0x000000df6cc00000)]
  0x000002ac39236000 JavaThread "Unconstrained build operations Thread 7" [_thread_blocked, id=20728, stack(0x000000df6cc00000,0x000000df6cd00000)]
  0x000002ac39230800 JavaThread "Unconstrained build operations Thread 8" [_thread_blocked, id=26708, stack(0x000000df6cd00000,0x000000df6ce00000)]
  0x000002ac39237000 JavaThread "Unconstrained build operations Thread 9" [_thread_blocked, id=14024, stack(0x000000df6ce00000,0x000000df6cf00000)]
  0x000002ac37403800 JavaThread "Unconstrained build operations Thread 10" [_thread_blocked, id=23236, stack(0x000000df6cf00000,0x000000df6d000000)]
  0x000002ac37408800 JavaThread "Unconstrained build operations Thread 11" [_thread_blocked, id=26280, stack(0x000000df6d000000,0x000000df6d100000)]
  0x000002ac37409000 JavaThread "Unconstrained build operations Thread 12" [_thread_blocked, id=9140, stack(0x000000df6d100000,0x000000df6d200000)]
  0x000002ac3740a000 JavaThread "Unconstrained build operations Thread 13" [_thread_blocked, id=3840, stack(0x000000df6d200000,0x000000df6d300000)]
  0x000002ac37406000 JavaThread "Unconstrained build operations Thread 14" [_thread_blocked, id=18540, stack(0x000000df6d300000,0x000000df6d400000)]
  0x000002ac37404000 JavaThread "Unconstrained build operations Thread 15" [_thread_blocked, id=10652, stack(0x000000df6d400000,0x000000df6d500000)]
  0x000002ac37407800 JavaThread "Unconstrained build operations Thread 16" [_thread_blocked, id=4344, stack(0x000000df6d500000,0x000000df6d600000)]
  0x000002ac3740a800 JavaThread "Unconstrained build operations Thread 17" [_thread_blocked, id=27492, stack(0x000000df6d600000,0x000000df6d700000)]
  0x000002ac37405000 JavaThread "Unconstrained build operations Thread 18" [_thread_blocked, id=21644, stack(0x000000df6d700000,0x000000df6d800000)]
  0x000002ac3740c800 JavaThread "Unconstrained build operations Thread 19" [_thread_blocked, id=3756, stack(0x000000df6d800000,0x000000df6d900000)]
  0x000002ac37406800 JavaThread "Unconstrained build operations Thread 20" [_thread_blocked, id=21080, stack(0x000000df6d900000,0x000000df6da00000)]
  0x000002ac3740d000 JavaThread "Unconstrained build operations Thread 21" [_thread_blocked, id=25820, stack(0x000000df6da00000,0x000000df6db00000)]
  0x000002ac3740e000 JavaThread "Unconstrained build operations Thread 22" [_thread_blocked, id=16852, stack(0x000000df6db00000,0x000000df6dc00000)]
  0x000002ac3740f000 JavaThread "Unconstrained build operations Thread 23" [_thread_blocked, id=8004, stack(0x000000df6dc00000,0x000000df6dd00000)]
  0x000002ac37411800 JavaThread "Unconstrained build operations Thread 24" [_thread_blocked, id=4588, stack(0x000000df6dd00000,0x000000df6de00000)]
  0x000002ac3740f800 JavaThread "Unconstrained build operations Thread 25" [_thread_blocked, id=21008, stack(0x000000df6de00000,0x000000df6df00000)]
  0x000002ac3740b800 JavaThread "Unconstrained build operations Thread 26" [_thread_blocked, id=320, stack(0x000000df6df00000,0x000000df6e000000)]
  0x000002ac37412000 JavaThread "Unconstrained build operations Thread 27" [_thread_blocked, id=12724, stack(0x000000df6e000000,0x000000df6e100000)]
  0x000002ac37410800 JavaThread "Unconstrained build operations Thread 28" [_thread_blocked, id=26312, stack(0x000000df6e100000,0x000000df6e200000)]
  0x000002ac37312800 JavaThread "Unconstrained build operations Thread 29" [_thread_blocked, id=2372, stack(0x000000df6e200000,0x000000df6e300000)]
  0x000002ac37314000 JavaThread "Unconstrained build operations Thread 30" [_thread_blocked, id=13712, stack(0x000000df6e300000,0x000000df6e400000)]
  0x000002ac37313000 JavaThread "Unconstrained build operations Thread 31" [_thread_blocked, id=25080, stack(0x000000df6e400000,0x000000df6e500000)]
  0x000002ac37314800 JavaThread "Unconstrained build operations Thread 32" [_thread_blocked, id=14092, stack(0x000000df6e500000,0x000000df6e600000)]
  0x000002ac3730f000 JavaThread "Unconstrained build operations Thread 33" [_thread_blocked, id=27448, stack(0x000000df6e600000,0x000000df6e700000)]
  0x000002ac37315800 JavaThread "Unconstrained build operations Thread 34" [_thread_blocked, id=1844, stack(0x000000df6e700000,0x000000df6e800000)]
  0x000002ac37310800 JavaThread "Unconstrained build operations Thread 35" [_thread_blocked, id=23744, stack(0x000000df6e800000,0x000000df6e900000)]
  0x000002ac37310000 JavaThread "Unconstrained build operations Thread 36" [_thread_blocked, id=5240, stack(0x000000df6e900000,0x000000df6ea00000)]
  0x000002ac37317000 JavaThread "Unconstrained build operations Thread 37" [_thread_blocked, id=21760, stack(0x000000df6ea00000,0x000000df6eb00000)]
  0x000002ac37316800 JavaThread "Unconstrained build operations Thread 38" [_thread_blocked, id=27700, stack(0x000000df6eb00000,0x000000df6ec00000)]
  0x000002ac37311800 JavaThread "Unconstrained build operations Thread 39" [_thread_blocked, id=25180, stack(0x000000df6ec00000,0x000000df6ed00000)]
  0x000002ac3731d000 JavaThread "Unconstrained build operations Thread 40" [_thread_blocked, id=27880, stack(0x000000df6ed00000,0x000000df6ee00000)]
  0x000002ac3731b800 JavaThread "Unconstrained build operations Thread 41" [_thread_blocked, id=3416, stack(0x000000df6ee00000,0x000000df6ef00000)]
  0x000002ac3731d800 JavaThread "Unconstrained build operations Thread 42" [_thread_blocked, id=12500, stack(0x000000df6ef00000,0x000000df6f000000)]
  0x000002ac3731c000 JavaThread "Unconstrained build operations Thread 43" [_thread_blocked, id=9208, stack(0x000000df6f000000,0x000000df6f100000)]
  0x000002ac37319000 JavaThread "Unconstrained build operations Thread 44" [_thread_blocked, id=9956, stack(0x000000df6f100000,0x000000df6f200000)]
  0x000002ac3731a800 JavaThread "Unconstrained build operations Thread 45" [_thread_blocked, id=22680, stack(0x000000df6f200000,0x000000df6f300000)]
  0x000002ac37318000 JavaThread "Unconstrained build operations Thread 46" [_thread_blocked, id=17816, stack(0x000000df6f300000,0x000000df6f400000)]
  0x000002ac37319800 JavaThread "Unconstrained build operations Thread 47" [_thread_blocked, id=14660, stack(0x000000df6f400000,0x000000df6f500000)]
  0x000002ac36206800 JavaThread "Unconstrained build operations Thread 48" [_thread_blocked, id=9864, stack(0x000000df6f500000,0x000000df6f600000)]
  0x000002ac36208800 JavaThread "Unconstrained build operations Thread 49" [_thread_blocked, id=21768, stack(0x000000df6f600000,0x000000df6f700000)]
  0x000002ac36207000 JavaThread "Unconstrained build operations Thread 50" [_thread_blocked, id=20980, stack(0x000000df6f700000,0x000000df6f800000)]
  0x000002ac36208000 JavaThread "Unconstrained build operations Thread 51" [_thread_blocked, id=3812, stack(0x000000df6f800000,0x000000df6f900000)]
  0x000002ac36204800 JavaThread "Unconstrained build operations Thread 52" [_thread_blocked, id=22964, stack(0x000000df6f900000,0x000000df6fa00000)]
  0x000002ac36209800 JavaThread "Unconstrained build operations Thread 53" [_thread_blocked, id=26872, stack(0x000000df6fa00000,0x000000df6fb00000)]
  0x000002ac36205800 JavaThread "Unconstrained build operations Thread 54" [_thread_blocked, id=16012, stack(0x000000df6fb00000,0x000000df6fc00000)]
  0x000002ac36204000 JavaThread "Unconstrained build operations Thread 55" [_thread_blocked, id=1636, stack(0x000000df6fc00000,0x000000df6fd00000)]
  0x000002ac3620d800 JavaThread "Unconstrained build operations Thread 56" [_thread_blocked, id=17448, stack(0x000000df6fd00000,0x000000df6fe00000)]
  0x000002ac3620c000 JavaThread "Unconstrained build operations Thread 57" [_thread_blocked, id=27600, stack(0x000000df6fe00000,0x000000df6ff00000)]
  0x000002ac3620e800 JavaThread "Unconstrained build operations Thread 58" [_thread_blocked, id=12588, stack(0x000000df6ff00000,0x000000df70000000)]
  0x000002ac3620d000 JavaThread "Unconstrained build operations Thread 59" [_thread_blocked, id=22484, stack(0x000000df70000000,0x000000df70100000)]
  0x000002ac36210000 JavaThread "Unconstrained build operations Thread 60" [_thread_blocked, id=21956, stack(0x000000df70100000,0x000000df70200000)]
  0x000002ac3620f000 JavaThread "Unconstrained build operations Thread 61" [_thread_blocked, id=8276, stack(0x000000df70200000,0x000000df70300000)]
  0x000002ac3620a800 JavaThread "Unconstrained build operations Thread 62" [_thread_blocked, id=4836, stack(0x000000df70300000,0x000000df70400000)]
  0x000002ac36211000 JavaThread "Unconstrained build operations Thread 63" [_thread_blocked, id=6176, stack(0x000000df70400000,0x000000df70500000)]
  0x000002ac3620b000 JavaThread "Unconstrained build operations Thread 64" [_thread_blocked, id=21176, stack(0x000000df70500000,0x000000df70600000)]
  0x000002ac36211800 JavaThread "Unconstrained build operations Thread 65" [_thread_blocked, id=26792, stack(0x000000df70600000,0x000000df70700000)]
  0x000002ac36212800 JavaThread "Unconstrained build operations Thread 66" [_thread_blocked, id=13400, stack(0x000000df70700000,0x000000df70800000)]
  0x000002ac3b329800 JavaThread "Unconstrained build operations Thread 67" [_thread_blocked, id=5100, stack(0x000000df70800000,0x000000df70900000)]
  0x000002ac3b32c000 JavaThread "Unconstrained build operations Thread 68" [_thread_blocked, id=10588, stack(0x000000df70900000,0x000000df70a00000)]
  0x000002ac3b32a000 JavaThread "Unconstrained build operations Thread 69" [_thread_blocked, id=22776, stack(0x000000df70a00000,0x000000df70b00000)]
  0x000002ac3b32b000 JavaThread "Unconstrained build operations Thread 70" [_thread_blocked, id=26476, stack(0x000000df70b00000,0x000000df70c00000)]
  0x000002ac3b327800 JavaThread "Unconstrained build operations Thread 71" [_thread_blocked, id=24444, stack(0x000000df70c00000,0x000000df70d00000)]
  0x000002ac3b32e000 JavaThread "Unconstrained build operations Thread 72" [_thread_blocked, id=26748, stack(0x000000df70d00000,0x000000df70e00000)]
  0x000002ac3b32c800 JavaThread "Unconstrained build operations Thread 73" [_thread_blocked, id=11020, stack(0x000000df70e00000,0x000000df70f00000)]
  0x000002ac3b328800 JavaThread "Unconstrained build operations Thread 74" [_thread_blocked, id=11008, stack(0x000000df70f00000,0x000000df71000000)]
  0x000002ac3b32f000 JavaThread "Unconstrained build operations Thread 75" [_thread_blocked, id=12604, stack(0x000000df71000000,0x000000df71100000)]
  0x000002ac3b32d800 JavaThread "Unconstrained build operations Thread 76" [_thread_blocked, id=18292, stack(0x000000df71100000,0x000000df71200000)]
  0x000002ac3b335800 JavaThread "Unconstrained build operations Thread 77" [_thread_blocked, id=26044, stack(0x000000df71200000,0x000000df71300000)]
  0x000002ac3b334800 JavaThread "Unconstrained build operations Thread 78" [_thread_blocked, id=5844, stack(0x000000df71300000,0x000000df71400000)]
  0x000002ac3b330000 JavaThread "Unconstrained build operations Thread 79" [_thread_blocked, id=10796, stack(0x000000df71400000,0x000000df71500000)]
  0x000002ac3b336800 JavaThread "Unconstrained build operations Thread 80" [_thread_blocked, id=19892, stack(0x000000df71500000,0x000000df71600000)]
  0x000002ac3b334000 JavaThread "jar transforms Thread 4" [_thread_blocked, id=22704, stack(0x000000df71600000,0x000000df71700000)]
  0x000002ac3b330800 JavaThread "jar transforms Thread 5" [_thread_blocked, id=6500, stack(0x000000df71700000,0x000000df71800000)]
  0x000002ac3b331800 JavaThread "jar transforms Thread 6" [_thread_blocked, id=27172, stack(0x000000df71800000,0x000000df71900000)]
  0x000002ac3b332800 JavaThread "jar transforms Thread 7" [_thread_blocked, id=692, stack(0x000000df71900000,0x000000df71a00000)]
  0x000002ac3b333000 JavaThread "jar transforms Thread 8" [_thread_blocked, id=26200, stack(0x000000df71a00000,0x000000df71b00000)]
  0x000002ac3904e000 JavaThread "Memory manager" [_thread_blocked, id=27540, stack(0x000000df71b00000,0x000000df71c00000)]

Other Threads:
  0x000002ac35595800 VMThread "VM Thread" [stack: 0x000000df69900000,0x000000df69a00000] [id=4256]
  0x000002ac360d4000 WatcherThread [stack: 0x000000df6a300000,0x000000df6a400000] [id=19964]
  0x000002ac1b12c000 GCTaskThread "GC Thread#0" [stack: 0x000000df69400000,0x000000df69500000] [id=18244]
  0x000002ac36ce6800 GCTaskThread "GC Thread#1" [stack: 0x000000df6a500000,0x000000df6a600000] [id=8932]
  0x000002ac372a4800 GCTaskThread "GC Thread#2" [stack: 0x000000df6a600000,0x000000df6a700000] [id=6292]
  0x000002ac38fba800 GCTaskThread "GC Thread#3" [stack: 0x000000df6b000000,0x000000df6b100000] [id=4452]
  0x000002ac3730e000 GCTaskThread "GC Thread#4" [stack: 0x000000df6b100000,0x000000df6b200000] [id=9348]
  0x000002ac391d4000 GCTaskThread "GC Thread#5" [stack: 0x000000df6b200000,0x000000df6b300000] [id=15444]
  0x000002ac38fcd000 GCTaskThread "GC Thread#6" [stack: 0x000000df6b300000,0x000000df6b400000] [id=17292]
  0x000002ac38bf8000 GCTaskThread "GC Thread#7" [stack: 0x000000df6b400000,0x000000df6b500000] [id=13512]
  0x000002ac1b15f800 ConcurrentGCThread "G1 Main Marker" [stack: 0x000000df69500000,0x000000df69600000] [id=28656]
  0x000002ac1b160800 ConcurrentGCThread "G1 Conc#0" [stack: 0x000000df69600000,0x000000df69700000] [id=26720]
  0x000002ac38f34800 ConcurrentGCThread "G1 Conc#1" [stack: 0x000000df6b800000,0x000000df6b900000] [id=9416]
  0x000002ac1b1ed800 ConcurrentGCThread "G1 Refine#0" [stack: 0x000000df69700000,0x000000df69800000] [id=23844]
  0x000002ac353e7800 ConcurrentGCThread "G1 Young RemSet Sampling" [stack: 0x000000df69800000,0x000000df69900000] [id=19440]

Threads with active compile tasks:
C2 CompilerThread0  15883 7449       4       org.gradle.internal.instantiation.generator.AbstractClassGenerator::inspectType (560 bytes)
C1 CompilerThread0  15883 7472   !   2       java.util.zip.ZipFile::getMetaInfEntryNames (106 bytes)

VM state:not at safepoint (normal execution)

VM Mutex/Monitor currently owned by a thread: None

Heap address: 0x0000000080000000, size: 2048 MB, Compressed Oops mode: 32-bit
Narrow klass base: 0x0000000000000000, Narrow klass shift: 3
Compressed class space size: 1073741824 Address: 0x0000000100000000

Heap:
 garbage-first heap   total 157696K, used 97576K [0x0000000080000000, 0x0000000100000000)
  region size 1024K, 45 young (46080K), 9 survivors (9216K)
 Metaspace       used 76272K, capacity 78083K, committed 78368K, reserved 1118208K
  class space    used 9898K, capacity 10572K, committed 10700K, reserved 1048576K
Heap Regions: E=young(eden), S=young(survivor), O=old, HS=humongous(starts), HC=humongous(continues), CS=collection set, F=free, A=archive, TAMS=top-at-mark-start (previous, next)
|   0|0x0000000080000000, 0x0000000080100000, 0x0000000080100000|100%| O|  |TAMS 0x0000000080100000, 0x0000000080000000| Untracked 
|   1|0x0000000080100000, 0x0000000080200000, 0x0000000080200000|100%| O|  |TAMS 0x0000000080200000, 0x0000000080100000| Untracked 
|   2|0x0000000080200000, 0x0000000080300000, 0x0000000080300000|100%| O|  |TAMS 0x0000000080300000, 0x0000000080200000| Untracked 
|   3|0x0000000080300000, 0x0000000080400000, 0x0000000080400000|100%|HS|  |TAMS 0x0000000080400000, 0x0000000080300000| Complete 
|   4|0x0000000080400000, 0x0000000080500000, 0x0000000080500000|100%|HC|  |TAMS 0x0000000080500000, 0x0000000080400000| Complete 
|   5|0x0000000080500000, 0x0000000080600000, 0x0000000080600000|100%|HC|  |TAMS 0x0000000080600000, 0x0000000080500000| Complete 
|   6|0x0000000080600000, 0x0000000080700000, 0x0000000080700000|100%| O|  |TAMS 0x0000000080700000, 0x0000000080600000| Untracked 
|   7|0x0000000080700000, 0x0000000080800000, 0x0000000080800000|100%| O|  |TAMS 0x0000000080800000, 0x0000000080700000| Untracked 
|   8|0x0000000080800000, 0x0000000080900000, 0x0000000080900000|100%| O|  |TAMS 0x0000000080900000, 0x0000000080800000| Untracked 
|   9|0x0000000080900000, 0x0000000080a00000, 0x0000000080a00000|100%| O|  |TAMS 0x0000000080a00000, 0x0000000080900000| Untracked 
|  10|0x0000000080a00000, 0x0000000080b00000, 0x0000000080b00000|100%| O|  |TAMS 0x0000000080b00000, 0x0000000080a00000| Untracked 
|  11|0x0000000080b00000, 0x0000000080c00000, 0x0000000080c00000|100%| O|  |TAMS 0x0000000080c00000, 0x0000000080b00000| Untracked 
|  12|0x0000000080c00000, 0x0000000080d00000, 0x0000000080d00000|100%| O|  |TAMS 0x0000000080d00000, 0x0000000080c00000| Untracked 
|  13|0x0000000080d00000, 0x0000000080e00000, 0x0000000080e00000|100%| O|  |TAMS 0x0000000080e00000, 0x0000000080d00000| Untracked 
|  14|0x0000000080e00000, 0x0000000080f00000, 0x0000000080f00000|100%| O|  |TAMS 0x0000000080f00000, 0x0000000080e00000| Untracked 
|  15|0x0000000080f00000, 0x0000000081000000, 0x0000000081000000|100%| O|  |TAMS 0x0000000081000000, 0x0000000080f00000| Untracked 
|  16|0x0000000081000000, 0x0000000081100000, 0x0000000081100000|100%|HS|  |TAMS 0x0000000081100000, 0x0000000081000000| Complete 
|  17|0x0000000081100000, 0x0000000081200000, 0x0000000081200000|100%| O|  |TAMS 0x0000000081200000, 0x0000000081100000| Untracked 
|  18|0x0000000081200000, 0x0000000081300000, 0x0000000081300000|100%| O|  |TAMS 0x0000000081300000, 0x0000000081200000| Untracked 
|  19|0x0000000081300000, 0x0000000081400000, 0x0000000081400000|100%| O|  |TAMS 0x0000000081400000, 0x0000000081300000| Untracked 
|  20|0x0000000081400000, 0x0000000081500000, 0x0000000081500000|100%| O|  |TAMS 0x0000000081500000, 0x0000000081400000| Untracked 
|  21|0x0000000081500000, 0x0000000081600000, 0x0000000081600000|100%| O|  |TAMS 0x0000000081600000, 0x0000000081500000| Untracked 
|  22|0x0000000081600000, 0x0000000081700000, 0x0000000081700000|100%| O|  |TAMS 0x0000000081700000, 0x0000000081600000| Untracked 
|  23|0x0000000081700000, 0x0000000081800000, 0x0000000081800000|100%| O|  |TAMS 0x0000000081800000, 0x0000000081700000| Untracked 
|  24|0x0000000081800000, 0x0000000081900000, 0x0000000081900000|100%| O|  |TAMS 0x0000000081900000, 0x0000000081800000| Untracked 
|  25|0x0000000081900000, 0x0000000081a00000, 0x0000000081a00000|100%| O|  |TAMS 0x0000000081a00000, 0x0000000081900000| Untracked 
|  26|0x0000000081a00000, 0x0000000081b00000, 0x0000000081b00000|100%| O|  |TAMS 0x0000000081b00000, 0x0000000081a00000| Untracked 
|  27|0x0000000081b00000, 0x0000000081c00000, 0x0000000081c00000|100%| O|  |TAMS 0x0000000081c00000, 0x0000000081b00000| Untracked 
|  28|0x0000000081c00000, 0x0000000081d00000, 0x0000000081d00000|100%|HS|  |TAMS 0x0000000081d00000, 0x0000000081c00000| Complete 
|  29|0x0000000081d00000, 0x0000000081e00000, 0x0000000081e00000|100%|HS|  |TAMS 0x0000000081e00000, 0x0000000081d00000| Complete 
|  30|0x0000000081e00000, 0x0000000081f00000, 0x0000000081f00000|100%|HS|  |TAMS 0x0000000081f00000, 0x0000000081e00000| Complete 
|  31|0x0000000081f00000, 0x0000000082000000, 0x0000000082000000|100%|HC|  |TAMS 0x0000000082000000, 0x0000000081f00000| Complete 
|  32|0x0000000082000000, 0x0000000082100000, 0x0000000082100000|100%| O|  |TAMS 0x0000000082100000, 0x0000000082000000| Untracked 
|  33|0x0000000082100000, 0x0000000082200000, 0x0000000082200000|100%| O|  |TAMS 0x0000000082200000, 0x0000000082100000| Untracked 
|  34|0x0000000082200000, 0x0000000082300000, 0x0000000082300000|100%| O|  |TAMS 0x0000000082300000, 0x0000000082200000| Untracked 
|  35|0x0000000082300000, 0x0000000082400000, 0x0000000082400000|100%| O|  |TAMS 0x0000000082400000, 0x0000000082300000| Untracked 
|  36|0x0000000082400000, 0x0000000082500000, 0x0000000082500000|100%| O|  |TAMS 0x0000000082500000, 0x0000000082400000| Untracked 
|  37|0x0000000082500000, 0x0000000082600000, 0x0000000082600000|100%| O|  |TAMS 0x0000000082600000, 0x0000000082500000| Untracked 
|  38|0x0000000082600000, 0x0000000082700000, 0x0000000082700000|100%| O|  |TAMS 0x0000000082700000, 0x0000000082600000| Untracked 
|  39|0x0000000082700000, 0x0000000082800000, 0x0000000082800000|100%| O|  |TAMS 0x0000000082800000, 0x0000000082700000| Untracked 
|  40|0x0000000082800000, 0x0000000082900000, 0x0000000082900000|100%| O|  |TAMS 0x0000000082900000, 0x0000000082800000| Untracked 
|  41|0x0000000082900000, 0x0000000082a00000, 0x0000000082a00000|100%| O|  |TAMS 0x0000000082a00000, 0x0000000082900000| Untracked 
|  42|0x0000000082a00000, 0x0000000082b00000, 0x0000000082b00000|100%| O|  |TAMS 0x0000000082ae5800, 0x0000000082a00000| Untracked 
|  43|0x0000000082b00000, 0x0000000082c00000, 0x0000000082c00000|100%| O|  |TAMS 0x0000000082b00000, 0x0000000082b00000| Untracked 
|  44|0x0000000082c00000, 0x0000000082d00000, 0x0000000082d00000|100%| O|  |TAMS 0x0000000082c00000, 0x0000000082c00000| Untracked 
|  45|0x0000000082d00000, 0x0000000082e00000, 0x0000000082e00000|100%| O|  |TAMS 0x0000000082d00000, 0x0000000082d00000| Untracked 
|  46|0x0000000082e00000, 0x0000000082f00000, 0x0000000082f00000|100%| O|  |TAMS 0x0000000082e00000, 0x0000000082e00000| Untracked 
|  47|0x0000000082f00000, 0x0000000083000000, 0x0000000083000000|100%| O|  |TAMS 0x0000000082f00000, 0x0000000082f00000| Untracked 
|  48|0x0000000083000000, 0x0000000083100000, 0x0000000083100000|100%| O|  |TAMS 0x0000000083000000, 0x0000000083000000| Untracked 
|  49|0x0000000083100000, 0x0000000083200000, 0x0000000083200000|100%| O|  |TAMS 0x0000000083100000, 0x0000000083100000| Untracked 
|  50|0x0000000083200000, 0x0000000083300000, 0x0000000083300000|100%| O|  |TAMS 0x0000000083200000, 0x0000000083200000| Untracked 
|  51|0x0000000083300000, 0x000000008334a000, 0x0000000083400000| 28%| O|  |TAMS 0x0000000083300000, 0x0000000083300000| Untracked 
|  52|0x0000000083400000, 0x0000000083400000, 0x0000000083500000|  0%| F|  |TAMS 0x0000000083400000, 0x0000000083400000| Untracked 
|  53|0x0000000083500000, 0x0000000083500000, 0x0000000083600000|  0%| F|  |TAMS 0x0000000083500000, 0x0000000083500000| Untracked 
|  54|0x0000000083600000, 0x0000000083600000, 0x0000000083700000|  0%| F|  |TAMS 0x0000000083600000, 0x0000000083600000| Untracked 
|  55|0x0000000083700000, 0x0000000083700000, 0x0000000083800000|  0%| F|  |TAMS 0x0000000083700000, 0x0000000083700000| Untracked 
|  56|0x0000000083800000, 0x0000000083800000, 0x0000000083900000|  0%| F|  |TAMS 0x0000000083800000, 0x0000000083800000| Untracked 
|  57|0x0000000083900000, 0x0000000083900000, 0x0000000083a00000|  0%| F|  |TAMS 0x0000000083900000, 0x0000000083900000| Untracked 
|  58|0x0000000083a00000, 0x0000000083a00000, 0x0000000083b00000|  0%| F|  |TAMS 0x0000000083a00000, 0x0000000083a00000| Untracked 
|  59|0x0000000083b00000, 0x0000000083b00000, 0x0000000083c00000|  0%| F|  |TAMS 0x0000000083b00000, 0x0000000083b00000| Untracked 
|  60|0x0000000083c00000, 0x0000000083c00000, 0x0000000083d00000|  0%| F|  |TAMS 0x0000000083c00000, 0x0000000083c00000| Untracked 
|  61|0x0000000083d00000, 0x0000000083d00000, 0x0000000083e00000|  0%| F|  |TAMS 0x0000000083d00000, 0x0000000083d00000| Untracked 
|  62|0x0000000083e00000, 0x0000000083e00000, 0x0000000083f00000|  0%| F|  |TAMS 0x0000000083e00000, 0x0000000083e00000| Untracked 
|  63|0x0000000083f00000, 0x0000000083f00000, 0x0000000084000000|  0%| F|  |TAMS 0x0000000083f00000, 0x0000000083f00000| Untracked 
|  64|0x0000000084000000, 0x0000000084000000, 0x0000000084100000|  0%| F|  |TAMS 0x0000000084000000, 0x0000000084000000| Untracked 
|  65|0x0000000084100000, 0x0000000084100000, 0x0000000084200000|  0%| F|  |TAMS 0x0000000084100000, 0x0000000084100000| Untracked 
|  66|0x0000000084200000, 0x0000000084200000, 0x0000000084300000|  0%| F|  |TAMS 0x0000000084200000, 0x0000000084200000| Untracked 
|  67|0x0000000084300000, 0x0000000084300000, 0x0000000084400000|  0%| F|  |TAMS 0x0000000084300000, 0x0000000084300000| Untracked 
|  68|0x0000000084400000, 0x0000000084400000, 0x0000000084500000|  0%| F|  |TAMS 0x0000000084400000, 0x0000000084400000| Untracked 
|  69|0x0000000084500000, 0x0000000084500000, 0x0000000084600000|  0%| F|  |TAMS 0x0000000084500000, 0x0000000084500000| Untracked 
|  70|0x0000000084600000, 0x0000000084600000, 0x0000000084700000|  0%| F|  |TAMS 0x0000000084600000, 0x0000000084600000| Untracked 
|  71|0x0000000084700000, 0x0000000084700000, 0x0000000084800000|  0%| F|  |TAMS 0x0000000084700000, 0x0000000084700000| Untracked 
|  72|0x0000000084800000, 0x0000000084800000, 0x0000000084900000|  0%| F|  |TAMS 0x0000000084800000, 0x0000000084800000| Untracked 
|  73|0x0000000084900000, 0x0000000084900000, 0x0000000084a00000|  0%| F|  |TAMS 0x0000000084900000, 0x0000000084900000| Untracked 
|  74|0x0000000084a00000, 0x0000000084a00000, 0x0000000084b00000|  0%| F|  |TAMS 0x0000000084a00000, 0x0000000084a00000| Untracked 
|  75|0x0000000084b00000, 0x0000000084b00000, 0x0000000084c00000|  0%| F|  |TAMS 0x0000000084b00000, 0x0000000084b00000| Untracked 
|  76|0x0000000084c00000, 0x0000000084d00000, 0x0000000084d00000|100%| S|CS|TAMS 0x0000000084c00000, 0x0000000084c00000| Complete 
|  77|0x0000000084d00000, 0x0000000084e00000, 0x0000000084e00000|100%| S|CS|TAMS 0x0000000084d00000, 0x0000000084d00000| Complete 
|  78|0x0000000084e00000, 0x0000000084f00000, 0x0000000084f00000|100%| S|CS|TAMS 0x0000000084e00000, 0x0000000084e00000| Complete 
|  79|0x0000000084f00000, 0x0000000085000000, 0x0000000085000000|100%| S|CS|TAMS 0x0000000084f00000, 0x0000000084f00000| Complete 
|  80|0x0000000085000000, 0x0000000085100000, 0x0000000085100000|100%| S|CS|TAMS 0x0000000085000000, 0x0000000085000000| Complete 
|  81|0x0000000085100000, 0x0000000085200000, 0x0000000085200000|100%| S|CS|TAMS 0x0000000085100000, 0x0000000085100000| Complete 
|  82|0x0000000085200000, 0x0000000085200000, 0x0000000085300000|  0%| F|  |TAMS 0x0000000085200000, 0x0000000085200000| Untracked 
|  83|0x0000000085300000, 0x0000000085300000, 0x0000000085400000|  0%| F|  |TAMS 0x0000000085300000, 0x0000000085300000| Untracked 
|  84|0x0000000085400000, 0x0000000085400000, 0x0000000085500000|  0%| F|  |TAMS 0x0000000085400000, 0x0000000085400000| Untracked 
|  85|0x0000000085500000, 0x0000000085500000, 0x0000000085600000|  0%| F|  |TAMS 0x0000000085500000, 0x0000000085500000| Untracked 
|  86|0x0000000085600000, 0x0000000085600000, 0x0000000085700000|  0%| F|  |TAMS 0x0000000085600000, 0x0000000085600000| Untracked 
|  87|0x0000000085700000, 0x0000000085800000, 0x0000000085800000|100%| S|CS|TAMS 0x0000000085700000, 0x0000000085700000| Complete 
|  88|0x0000000085800000, 0x0000000085900000, 0x0000000085900000|100%| S|CS|TAMS 0x0000000085800000, 0x0000000085800000| Complete 
|  89|0x0000000085900000, 0x0000000085a00000, 0x0000000085a00000|100%| S|CS|TAMS 0x0000000085900000, 0x0000000085900000| Complete 
|  90|0x0000000085a00000, 0x0000000085a00000, 0x0000000085b00000|  0%| F|  |TAMS 0x0000000085a00000, 0x0000000085a00000| Untracked 
|  91|0x0000000085b00000, 0x0000000085b00000, 0x0000000085c00000|  0%| F|  |TAMS 0x0000000085b00000, 0x0000000085b00000| Untracked 
|  92|0x0000000085c00000, 0x0000000085c00000, 0x0000000085d00000|  0%| F|  |TAMS 0x0000000085c00000, 0x0000000085c00000| Untracked 
|  93|0x0000000085d00000, 0x0000000085d00000, 0x0000000085e00000|  0%| F|  |TAMS 0x0000000085d00000, 0x0000000085d00000| Untracked 
|  94|0x0000000085e00000, 0x0000000085e00000, 0x0000000085f00000|  0%| F|  |TAMS 0x0000000085e00000, 0x0000000085e00000| Untracked 
|  95|0x0000000085f00000, 0x0000000085f00000, 0x0000000086000000|  0%| F|  |TAMS 0x0000000085f00000, 0x0000000085f00000| Untracked 
|  96|0x0000000086000000, 0x0000000086000000, 0x0000000086100000|  0%| F|  |TAMS 0x0000000086000000, 0x0000000086000000| Untracked 
|  97|0x0000000086100000, 0x0000000086100000, 0x0000000086200000|  0%| F|  |TAMS 0x0000000086100000, 0x0000000086100000| Untracked 
|  98|0x0000000086200000, 0x0000000086200000, 0x0000000086300000|  0%| F|  |TAMS 0x0000000086200000, 0x0000000086200000| Untracked 
|  99|0x0000000086300000, 0x0000000086300000, 0x0000000086400000|  0%| F|  |TAMS 0x0000000086300000, 0x0000000086300000| Untracked 
| 100|0x0000000086400000, 0x0000000086400000, 0x0000000086500000|  0%| F|  |TAMS 0x0000000086400000, 0x0000000086400000| Untracked 
| 101|0x0000000086500000, 0x0000000086500000, 0x0000000086600000|  0%| F|  |TAMS 0x0000000086500000, 0x0000000086500000| Untracked 
| 102|0x0000000086600000, 0x0000000086600000, 0x0000000086700000|  0%| F|  |TAMS 0x0000000086600000, 0x0000000086600000| Untracked 
| 103|0x0000000086700000, 0x0000000086700000, 0x0000000086800000|  0%| F|  |TAMS 0x0000000086700000, 0x0000000086700000| Untracked 
| 104|0x0000000086800000, 0x0000000086800000, 0x0000000086900000|  0%| F|  |TAMS 0x0000000086800000, 0x0000000086800000| Untracked 
| 105|0x0000000086900000, 0x0000000086900000, 0x0000000086a00000|  0%| F|  |TAMS 0x0000000086900000, 0x0000000086900000| Untracked 
| 106|0x0000000086a00000, 0x0000000086a00000, 0x0000000086b00000|  0%| F|  |TAMS 0x0000000086a00000, 0x0000000086a00000| Untracked 
| 107|0x0000000086b00000, 0x0000000086b00000, 0x0000000086c00000|  0%| F|  |TAMS 0x0000000086b00000, 0x0000000086b00000| Untracked 
| 108|0x0000000086c00000, 0x0000000086c00000, 0x0000000086d00000|  0%| F|  |TAMS 0x0000000086c00000, 0x0000000086c00000| Untracked 
| 109|0x0000000086d00000, 0x0000000086d00000, 0x0000000086e00000|  0%| F|  |TAMS 0x0000000086d00000, 0x0000000086d00000| Untracked 
| 110|0x0000000086e00000, 0x0000000086e00000, 0x0000000086f00000|  0%| F|  |TAMS 0x0000000086e00000, 0x0000000086e00000| Untracked 
| 111|0x0000000086f00000, 0x0000000086f00000, 0x0000000087000000|  0%| F|  |TAMS 0x0000000086f00000, 0x0000000086f00000| Untracked 
| 112|0x0000000087000000, 0x0000000087000000, 0x0000000087100000|  0%| F|  |TAMS 0x0000000087000000, 0x0000000087000000| Untracked 
| 113|0x0000000087100000, 0x0000000087100000, 0x0000000087200000|  0%| F|  |TAMS 0x0000000087100000, 0x0000000087100000| Untracked 
| 114|0x0000000087200000, 0x0000000087200000, 0x0000000087300000|  0%| F|  |TAMS 0x0000000087200000, 0x0000000087200000| Untracked 
| 115|0x0000000087300000, 0x0000000087300000, 0x0000000087400000|  0%| F|  |TAMS 0x0000000087300000, 0x0000000087300000| Untracked 
| 116|0x0000000087400000, 0x0000000087400000, 0x0000000087500000|  0%| F|  |TAMS 0x0000000087400000, 0x0000000087400000| Untracked 
| 117|0x0000000087500000, 0x0000000087500000, 0x0000000087600000|  0%| F|  |TAMS 0x0000000087500000, 0x0000000087500000| Untracked 
| 118|0x0000000087600000, 0x0000000087700000, 0x0000000087700000|100%| E|  |TAMS 0x0000000087600000, 0x0000000087600000| Complete 
| 119|0x0000000087700000, 0x0000000087800000, 0x0000000087800000|100%| E|CS|TAMS 0x0000000087700000, 0x0000000087700000| Complete 
| 120|0x0000000087800000, 0x0000000087900000, 0x0000000087900000|100%| E|CS|TAMS 0x0000000087800000, 0x0000000087800000| Complete 
| 121|0x0000000087900000, 0x0000000087a00000, 0x0000000087a00000|100%| E|CS|TAMS 0x0000000087900000, 0x0000000087900000| Complete 
| 122|0x0000000087a00000, 0x0000000087b00000, 0x0000000087b00000|100%| E|CS|TAMS 0x0000000087a00000, 0x0000000087a00000| Complete 
| 123|0x0000000087b00000, 0x0000000087c00000, 0x0000000087c00000|100%| E|CS|TAMS 0x0000000087b00000, 0x0000000087b00000| Complete 
| 124|0x0000000087c00000, 0x0000000087d00000, 0x0000000087d00000|100%| E|CS|TAMS 0x0000000087c00000, 0x0000000087c00000| Complete 
| 125|0x0000000087d00000, 0x0000000087e00000, 0x0000000087e00000|100%| E|CS|TAMS 0x0000000087d00000, 0x0000000087d00000| Complete 
| 126|0x0000000087e00000, 0x0000000087f00000, 0x0000000087f00000|100%| E|CS|TAMS 0x0000000087e00000, 0x0000000087e00000| Complete 
| 127|0x0000000087f00000, 0x0000000088000000, 0x0000000088000000|100%| E|CS|TAMS 0x0000000087f00000, 0x0000000087f00000| Complete 
| 128|0x0000000088000000, 0x0000000088100000, 0x0000000088100000|100%| E|CS|TAMS 0x0000000088000000, 0x0000000088000000| Complete 
| 129|0x0000000088100000, 0x0000000088200000, 0x0000000088200000|100%| E|CS|TAMS 0x0000000088100000, 0x0000000088100000| Complete 
| 130|0x0000000088200000, 0x0000000088300000, 0x0000000088300000|100%| E|CS|TAMS 0x0000000088200000, 0x0000000088200000| Complete 
| 131|0x0000000088300000, 0x0000000088400000, 0x0000000088400000|100%| E|CS|TAMS 0x0000000088300000, 0x0000000088300000| Complete 
| 132|0x0000000088400000, 0x0000000088500000, 0x0000000088500000|100%| E|CS|TAMS 0x0000000088400000, 0x0000000088400000| Complete 
| 133|0x0000000088500000, 0x0000000088600000, 0x0000000088600000|100%| E|CS|TAMS 0x0000000088500000, 0x0000000088500000| Complete 
| 134|0x0000000088600000, 0x0000000088700000, 0x0000000088700000|100%| E|CS|TAMS 0x0000000088600000, 0x0000000088600000| Complete 
| 135|0x0000000088700000, 0x0000000088800000, 0x0000000088800000|100%| E|CS|TAMS 0x0000000088700000, 0x0000000088700000| Complete 
| 136|0x0000000088800000, 0x0000000088900000, 0x0000000088900000|100%| E|CS|TAMS 0x0000000088800000, 0x0000000088800000| Complete 
| 137|0x0000000088900000, 0x0000000088a00000, 0x0000000088a00000|100%| E|CS|TAMS 0x0000000088900000, 0x0000000088900000| Complete 
| 138|0x0000000088a00000, 0x0000000088b00000, 0x0000000088b00000|100%| E|CS|TAMS 0x0000000088a00000, 0x0000000088a00000| Complete 
| 139|0x0000000088b00000, 0x0000000088c00000, 0x0000000088c00000|100%| E|CS|TAMS 0x0000000088b00000, 0x0000000088b00000| Complete 
| 140|0x0000000088c00000, 0x0000000088d00000, 0x0000000088d00000|100%| E|CS|TAMS 0x0000000088c00000, 0x0000000088c00000| Complete 
| 141|0x0000000088d00000, 0x0000000088e00000, 0x0000000088e00000|100%| E|CS|TAMS 0x0000000088d00000, 0x0000000088d00000| Complete 
| 142|0x0000000088e00000, 0x0000000088f00000, 0x0000000088f00000|100%| E|CS|TAMS 0x0000000088e00000, 0x0000000088e00000| Complete 
| 143|0x0000000088f00000, 0x0000000089000000, 0x0000000089000000|100%| E|CS|TAMS 0x0000000088f00000, 0x0000000088f00000| Complete 
| 144|0x0000000089000000, 0x0000000089100000, 0x0000000089100000|100%| E|CS|TAMS 0x0000000089000000, 0x0000000089000000| Complete 
| 145|0x0000000089100000, 0x0000000089200000, 0x0000000089200000|100%| E|CS|TAMS 0x0000000089100000, 0x0000000089100000| Complete 
| 146|0x0000000089200000, 0x0000000089300000, 0x0000000089300000|100%| E|CS|TAMS 0x0000000089200000, 0x0000000089200000| Complete 
| 147|0x0000000089300000, 0x0000000089400000, 0x0000000089400000|100%| E|CS|TAMS 0x0000000089300000, 0x0000000089300000| Complete 
| 148|0x0000000089400000, 0x0000000089500000, 0x0000000089500000|100%| E|CS|TAMS 0x0000000089400000, 0x0000000089400000| Complete 
| 149|0x0000000089500000, 0x0000000089600000, 0x0000000089600000|100%| E|CS|TAMS 0x0000000089500000, 0x0000000089500000| Complete 
| 150|0x0000000089600000, 0x0000000089700000, 0x0000000089700000|100%| E|CS|TAMS 0x0000000089600000, 0x0000000089600000| Complete 
| 151|0x0000000089700000, 0x0000000089800000, 0x0000000089800000|100%| E|CS|TAMS 0x0000000089700000, 0x0000000089700000| Complete 
| 152|0x0000000089800000, 0x0000000089900000, 0x0000000089900000|100%| E|CS|TAMS 0x0000000089800000, 0x0000000089800000| Complete 
| 153|0x0000000089900000, 0x0000000089a00000, 0x0000000089a00000|100%| E|CS|TAMS 0x0000000089900000, 0x0000000089900000| Complete 

Card table byte_map: [0x000002ac2e340000,0x000002ac2e740000] _byte_map_base: 0x000002ac2df40000

Marking Bits (Prev, Next): (CMBitMap*) 0x000002ac1b156e08, (CMBitMap*) 0x000002ac1b156e40
 Prev Bits: [0x000002ac2eb40000, 0x000002ac30b40000)
 Next Bits: [0x000002ac30b40000, 0x000002ac32b40000)

Polling page: 0x000002ac190d0000

Metaspace:

Usage:
  Non-class:     65.93 MB capacity,    64.86 MB ( 98%) used,   909.12 KB (  1%) free+waste,   189.69 KB ( <1%) overhead. 
      Class:     10.32 MB capacity,     9.67 MB ( 94%) used,   577.40 KB (  5%) free+waste,    88.38 KB ( <1%) overhead. 
       Both:     76.25 MB capacity,    74.53 MB ( 98%) used,     1.45 MB (  2%) free+waste,   278.06 KB ( <1%) overhead. 

Virtual space:
  Non-class space:       68.00 MB reserved,      66.08 MB ( 97%) committed 
      Class space:        1.00 GB reserved,      10.45 MB (  1%) committed 
             Both:        1.07 GB reserved,      76.53 MB (  7%) committed 

Chunk freelists:
   Non-Class:  29.00 KB
       Class:  20.00 KB
        Both:  49.00 KB

MaxMetaspaceSize: 17179869184.00 GB
CompressedClassSpaceSize: 1.00 GB

CodeHeap 'non-profiled nmethods': size=120000Kb used=3308Kb max_used=3308Kb free=116691Kb
 bounds [0x000002ac266e0000, 0x000002ac26a20000, 0x000002ac2dc10000]
CodeHeap 'profiled nmethods': size=120000Kb used=15093Kb max_used=15093Kb free=104906Kb
 bounds [0x000002ac1f1b0000, 0x000002ac20070000, 0x000002ac266e0000]
CodeHeap 'non-nmethods': size=5760Kb used=2269Kb max_used=2310Kb free=3490Kb
 bounds [0x000002ac1ec10000, 0x000002ac1ee80000, 0x000002ac1f1b0000]
 total_blobs=8184 nmethods=7318 adapters=777
 compilation: enabled
              stopped_count=0, restarted_count=0
 full_count=0

Compilation events (20 events):
Event: 15.746 Thread 0x000002ac355c8000 7454       3       org.objectweb.asm.ClassWriter::visitEnd (1 bytes)
Event: 15.746 Thread 0x000002ac355c8000 nmethod 7454 0x000002ac20064690 code [0x000002ac20064840, 0x000002ac20064938]
Event: 15.795 Thread 0x000002ac355c8000 7455       3       java.util.regex.Pattern$CharPropertyGreedy::match (122 bytes)
Event: 15.795 Thread 0x000002ac355c8000 nmethod 7455 0x000002ac20064a10 code [0x000002ac20064c40, 0x000002ac200653f8]
Event: 15.801 Thread 0x000002ac355c8000 7456       3       java.util.regex.Matcher::end (67 bytes)
Event: 15.802 Thread 0x000002ac355c8000 nmethod 7456 0x000002ac20065690 code [0x000002ac20065920, 0x000002ac20066388]
Event: 15.802 Thread 0x000002ac355c8000 7457       3       java.util.Formatter::checkText (58 bytes)
Event: 15.803 Thread 0x000002ac355c8000 nmethod 7457 0x000002ac20066790 code [0x000002ac20066a40, 0x000002ac200676f8]
Event: 15.803 Thread 0x000002ac355c8000 7458       1       java.util.Formatter$FixedString::index (3 bytes)
Event: 15.803 Thread 0x000002ac355c8000 nmethod 7458 0x000002ac26a1ab90 code [0x000002ac26a1ad40, 0x000002ac26a1adf8]
Event: 15.827 Thread 0x000002ac355c8000 7459   !   3       jdk.internal.loader.BuiltinClassLoader$2::run (114 bytes)
Event: 15.827 Thread 0x000002ac355c8000 nmethod 7459 0x000002ac20067c10 code [0x000002ac20067ec0, 0x000002ac20068c98]
Event: 15.827 Thread 0x000002ac355c8000 7461       3       java.util.jar.JarFile::getVersionedEntry (85 bytes)
Event: 15.828 Thread 0x000002ac355c8000 nmethod 7461 0x000002ac20069190 code [0x000002ac20069480, 0x000002ac2006a488]
Event: 15.828 Thread 0x000002ac355c8000 7460 %     3       jdk.internal.loader.URLClassPath::findResource @ 3 (38 bytes)
Event: 15.828 Thread 0x000002ac355c8000 nmethod 7460% 0x000002ac2006aa90 code [0x000002ac2006ac80, 0x000002ac2006b018]
Event: 15.828 Thread 0x000002ac355c8000 7462       2       jdk.internal.loader.BuiltinClassLoader::hasClassPath (13 bytes)
Event: 15.829 Thread 0x000002ac355c8000 nmethod 7462 0x000002ac2006b190 code [0x000002ac2006b340, 0x000002ac2006b458]
Event: 15.839 Thread 0x000002ac355c8000 7468       2       java.lang.ModuleLayer::boot (4 bytes)
Event: 15.839 Thread 0x000002ac355c8000 nmethod 7468 0x000002ac2006b510 code [0x000002ac2006b6c0, 0x000002ac2006b7b8]

GC Heap History (20 events):
Event: 3.722 GC heap before
{Heap before GC invocations=4 (full 0):
 garbage-first heap   total 131072K, used 72586K [0x0000000080000000, 0x0000000100000000)
  region size 1024K, 56 young (57344K), 2 survivors (2048K)
 Metaspace       used 26192K, capacity 26771K, committed 27008K, reserved 1073152K
  class space    used 3429K, capacity 3618K, committed 3712K, reserved 1048576K
}
Event: 3.726 GC heap after
{Heap after GC invocations=5 (full 0):
 garbage-first heap   total 131072K, used 19156K [0x0000000080000000, 0x0000000100000000)
  region size 1024K, 3 young (3072K), 3 survivors (3072K)
 Metaspace       used 26192K, capacity 26771K, committed 27008K, reserved 1073152K
  class space    used 3429K, capacity 3618K, committed 3712K, reserved 1048576K
}
Event: 4.658 GC heap before
{Heap before GC invocations=5 (full 0):
 garbage-first heap   total 131072K, used 75476K [0x0000000080000000, 0x0000000100000000)
  region size 1024K, 59 young (60416K), 3 survivors (3072K)
 Metaspace       used 35075K, capacity 35849K, committed 36048K, reserved 1081344K
  class space    used 4563K, capacity 4863K, committed 4864K, reserved 1048576K
}
Event: 4.670 GC heap after
{Heap after GC invocations=6 (full 0):
 garbage-first heap   total 131072K, used 22705K [0x0000000080000000, 0x0000000100000000)
  region size 1024K, 7 young (7168K), 7 survivors (7168K)
 Metaspace       used 35075K, capacity 35849K, committed 36048K, reserved 1081344K
  class space    used 4563K, capacity 4863K, committed 4864K, reserved 1048576K
}
Event: 5.681 GC heap before
{Heap before GC invocations=7 (full 0):
 garbage-first heap   total 131072K, used 87217K [0x0000000080000000, 0x0000000100000000)
  region size 1024K, 68 young (69632K), 7 survivors (7168K)
 Metaspace       used 39563K, capacity 40505K, committed 40784K, reserved 1085440K
  class space    used 5065K, capacity 5428K, committed 5504K, reserved 1048576K
}
Event: 5.696 GC heap after
{Heap after GC invocations=8 (full 0):
 garbage-first heap   total 131072K, used 27792K [0x0000000080000000, 0x0000000100000000)
  region size 1024K, 9 young (9216K), 9 survivors (9216K)
 Metaspace       used 39563K, capacity 40505K, committed 40784K, reserved 1085440K
  class space    used 5065K, capacity 5428K, committed 5504K, reserved 1048576K
}
Event: 6.702 GC heap before
{Heap before GC invocations=8 (full 0):
 garbage-first heap   total 131072K, used 89232K [0x0000000080000000, 0x0000000100000000)
  region size 1024K, 69 young (70656K), 9 survivors (9216K)
 Metaspace       used 45122K, capacity 46133K, committed 46416K, reserved 1089536K
  class space    used 5793K, capacity 6165K, committed 6272K, reserved 1048576K
}
Event: 6.711 GC heap after
{Heap after GC invocations=9 (full 0):
 garbage-first heap   total 157696K, used 29911K [0x0000000080000000, 0x0000000100000000)
  region size 1024K, 3 young (3072K), 3 survivors (3072K)
 Metaspace       used 45122K, capacity 46133K, committed 46416K, reserved 1089536K
  class space    used 5793K, capacity 6165K, committed 6272K, reserved 1048576K
}
Event: 10.363 GC heap before
{Heap before GC invocations=9 (full 0):
 garbage-first heap   total 157696K, used 109783K [0x0000000080000000, 0x0000000100000000)
  region size 1024K, 77 young (78848K), 3 survivors (3072K)
 Metaspace       used 48400K, capacity 49554K, committed 49616K, reserved 1091584K
  class space    used 6175K, capacity 6618K, committed 6656K, reserved 1048576K
}
Event: 10.374 GC heap after
{Heap after GC invocations=10 (full 0):
 garbage-first heap   total 157696K, used 43787K [0x0000000080000000, 0x0000000100000000)
  region size 1024K, 10 young (10240K), 10 survivors (10240K)
 Metaspace       used 48400K, capacity 49554K, committed 49616K, reserved 1091584K
  class space    used 6175K, capacity 6618K, committed 6656K, reserved 1048576K
}
Event: 12.122 GC heap before
{Heap before GC invocations=10 (full 0):
 garbage-first heap   total 157696K, used 112395K [0x0000000080000000, 0x0000000100000000)
  region size 1024K, 77 young (78848K), 10 survivors (10240K)
 Metaspace       used 58058K, capacity 59471K, committed 59600K, reserved 1101824K
  class space    used 7302K, capacity 7837K, committed 7936K, reserved 1048576K
}
Event: 12.134 GC heap after
{Heap after GC invocations=11 (full 0):
 garbage-first heap   total 157696K, used 47290K [0x0000000080000000, 0x0000000100000000)
  region size 1024K, 4 young (4096K), 4 survivors (4096K)
 Metaspace       used 58058K, capacity 59471K, committed 59600K, reserved 1101824K
  class space    used 7302K, capacity 7837K, committed 7936K, reserved 1048576K
}
Event: 12.240 GC heap before
{Heap before GC invocations=11 (full 0):
 garbage-first heap   total 157696K, used 54458K [0x0000000080000000, 0x0000000100000000)
  region size 1024K, 12 young (12288K), 4 survivors (4096K)
 Metaspace       used 58715K, capacity 60099K, committed 60240K, reserved 1101824K
  class space    used 7416K, capacity 7983K, committed 8064K, reserved 1048576K
}
Event: 12.245 GC heap after
{Heap after GC invocations=12 (full 0):
 garbage-first heap   total 157696K, used 46988K [0x0000000080000000, 0x0000000100000000)
  region size 1024K, 3 young (3072K), 3 survivors (3072K)
 Metaspace       used 58715K, capacity 60099K, committed 60240K, reserved 1101824K
  class space    used 7416K, capacity 7983K, committed 8064K, reserved 1048576K
}
Event: 13.254 GC heap before
{Heap before GC invocations=13 (full 0):
 garbage-first heap   total 157696K, used 117644K [0x0000000080000000, 0x0000000100000000)
  region size 1024K, 72 young (73728K), 3 survivors (3072K)
 Metaspace       used 65753K, capacity 67225K, committed 67360K, reserved 1107968K
  class space    used 8304K, capacity 8852K, committed 8908K, reserved 1048576K
}
Event: 13.263 GC heap after
{Heap after GC invocations=14 (full 0):
 garbage-first heap   total 157696K, used 52335K [0x0000000080000000, 0x0000000100000000)
  region size 1024K, 9 young (9216K), 9 survivors (9216K)
 Metaspace       used 65753K, capacity 67225K, committed 67360K, reserved 1107968K
  class space    used 8304K, capacity 8852K, committed 8908K, reserved 1048576K
}
Event: 13.804 GC heap before
{Heap before GC invocations=15 (full 0):
 garbage-first heap   total 157696K, used 120943K [0x0000000080000000, 0x0000000100000000)
  region size 1024K, 76 young (77824K), 9 survivors (9216K)
 Metaspace       used 69760K, capacity 71423K, committed 71712K, reserved 1112064K
  class space    used 8966K, capacity 9548K, committed 9676K, reserved 1048576K
}
Event: 13.820 GC heap after
{Heap after GC invocations=16 (full 0):
 garbage-first heap   total 157696K, used 57353K [0x0000000080000000, 0x0000000100000000)
  region size 1024K, 6 young (6144K), 6 survivors (6144K)
 Metaspace       used 69760K, capacity 71423K, committed 71712K, reserved 1112064K
  class space    used 8966K, capacity 9548K, committed 9676K, reserved 1048576K
}
Event: 15.154 GC heap before
{Heap before GC invocations=16 (full 0):
 garbage-first heap   total 157696K, used 122889K [0x0000000080000000, 0x0000000100000000)
  region size 1024K, 70 young (71680K), 6 survivors (6144K)
 Metaspace       used 73158K, capacity 74857K, committed 75040K, reserved 1114112K
  class space    used 9461K, capacity 10083K, committed 10188K, reserved 1048576K
}
Event: 15.163 GC heap after
{Heap after GC invocations=17 (full 0):
 garbage-first heap   total 157696K, used 61736K [0x0000000080000000, 0x0000000100000000)
  region size 1024K, 9 young (9216K), 9 survivors (9216K)
 Metaspace       used 73158K, capacity 74857K, committed 75040K, reserved 1114112K
  class space    used 9461K, capacity 10083K, committed 10188K, reserved 1048576K
}

Deoptimization events (20 events):
Event: 15.491 Thread 0x000002ac37f80000 DEOPT PACKING pc=0x000002ac1f90174c sp=0x000000df6acf7b50
Event: 15.491 Thread 0x000002ac37f80000 DEOPT UNPACKING pc=0x000002ac1ec36dde sp=0x000000df6acf6ff0 mode 0
Event: 15.491 Thread 0x000002ac37f80000 DEOPT PACKING pc=0x000002ac1f98adfc sp=0x000000df6acf7bc0
Event: 15.491 Thread 0x000002ac37f80000 DEOPT UNPACKING pc=0x000002ac1ec36dde sp=0x000000df6acf6fc0 mode 0
Event: 15.502 Thread 0x000002ac37f80000 Uncommon trap: trap_request=0xffffff4d fr.pc=0x000002ac26965d04 relative=0x0000000000000704
Event: 15.502 Thread 0x000002ac37f80000 Uncommon trap: reason=unstable_if action=reinterpret pc=0x000002ac26965d04 method=java.util.HashMap.putVal(ILjava/lang/Object;Ljava/lang/Object;ZZ)Ljava/lang/Object; @ 109 c2
Event: 15.502 Thread 0x000002ac37f80000 DEOPT PACKING pc=0x000002ac26965d04 sp=0x000000df6acf7ab0
Event: 15.502 Thread 0x000002ac37f80000 DEOPT UNPACKING pc=0x000002ac1ec3662f sp=0x000000df6acf79c8 mode 2
Event: 15.696 Thread 0x000002ac37f80000 DEOPT PACKING pc=0x000002ac2001be7a sp=0x000000df6acf7e60
Event: 15.696 Thread 0x000002ac37f80000 DEOPT UNPACKING pc=0x000002ac1ec36dde sp=0x000000df6acf73c0 mode 0
Event: 15.734 Thread 0x000002ac37f80000 DEOPT PACKING pc=0x000002ac1fdbc06c sp=0x000000df6acf9460
Event: 15.734 Thread 0x000002ac37f80000 DEOPT UNPACKING pc=0x000002ac1ec36dde sp=0x000000df6acf8a00 mode 0
Event: 15.805 Thread 0x000002ac37f80000 Uncommon trap: trap_request=0xffffff4d fr.pc=0x000002ac26905f5c relative=0x0000000000001abc
Event: 15.805 Thread 0x000002ac37f80000 Uncommon trap: reason=unstable_if action=reinterpret pc=0x000002ac26905f5c method=sun.nio.fs.WindowsPathParser.normalize(Ljava/lang/StringBuilder;Ljava/lang/String;I)Ljava/lang/String; @ 172 c2
Event: 15.805 Thread 0x000002ac37f80000 DEOPT PACKING pc=0x000002ac26905f5c sp=0x000000df6acf9260
Event: 15.805 Thread 0x000002ac37f80000 DEOPT UNPACKING pc=0x000002ac1ec3662f sp=0x000000df6acf9250 mode 2
Event: 15.826 Thread 0x000002ac37f80000 Uncommon trap: trap_request=0xffffff4d fr.pc=0x000002ac267f27b8 relative=0x0000000000000838
Event: 15.826 Thread 0x000002ac37f80000 Uncommon trap: reason=unstable_if action=reinterpret pc=0x000002ac267f27b8 method=java.util.jar.JarFile.getVersionedEntry(Ljava/lang/String;Ljava/util/jar/JarEntry;)Ljava/util/jar/JarEntry; @ 67 c2
Event: 15.826 Thread 0x000002ac37f80000 DEOPT PACKING pc=0x000002ac267f27b8 sp=0x000000df6acf7590
Event: 15.826 Thread 0x000002ac37f80000 DEOPT UNPACKING pc=0x000002ac1ec3662f sp=0x000000df6acf7578 mode 2

Classes redefined (0 events):
No events

Internal exceptions (20 events):
Event: 14.630 Thread 0x000002ac37f80000 Exception <a 'java/lang/ClassNotFoundException'{0x0000000086fcb638}: org/gradle/api/internal/artifacts/configurations/DefaultConfigurationContainerBeanInfo> (0x0000000086fcb638) thrown at [./src/hotspot/share/classfile/systemDictionary.cpp, line 231]
Event: 14.630 Thread 0x000002ac37f80000 Exception <a 'java/lang/ClassNotFoundException'{0x0000000086fe5f18}: org/gradle/api/internal/AbstractValidatingNamedDomainObjectContainerBeanInfo> (0x0000000086fe5f18) thrown at [./src/hotspot/share/classfile/systemDictionary.cpp, line 231]
Event: 14.631 Thread 0x000002ac37f80000 Exception <a 'java/lang/ClassNotFoundException'{0x0000000086e00ed8}: org/gradle/api/internal/AbstractValidatingNamedDomainObjectContainerCustomizer> (0x0000000086e00ed8) thrown at [./src/hotspot/share/classfile/systemDictionary.cpp, line 231]
Event: 14.637 Thread 0x000002ac37f80000 Exception <a 'java/lang/ClassNotFoundException'{0x0000000086e36568}: org/gradle/api/internal/artifacts/configurations/DefaultConfigurationContainerCustomizer> (0x0000000086e36568) thrown at [./src/hotspot/share/classfile/systemDictionary.cpp, line 231]
Event: 14.641 Thread 0x000002ac37f80000 Exception <a 'java/lang/ClassNotFoundException'{0x0000000086e77010}: org/gradle/api/internal/artifacts/configurations/DefaultConfigurationContainer_DecoratedCustomizer> (0x0000000086e77010) thrown at [./src/hotspot/share/classfile/systemDictionary.cpp, line 231]
Event: 14.670 Thread 0x000002ac37f80000 Exception <a 'java/lang/ClassNotFoundException'{0x0000000086cfeea0}: org/gradle/api/internal/artifacts/configurations/DefaultConfiguration_DecoratedBeanInfo> (0x0000000086cfeea0) thrown at [./src/hotspot/share/classfile/systemDictionary.cpp, line 231]
Event: 14.670 Thread 0x000002ac37f80000 Exception <a 'java/lang/ClassNotFoundException'{0x0000000086b28ea8}: org/gradle/api/internal/artifacts/configurations/DefaultConfigurationBeanInfo> (0x0000000086b28ea8) thrown at [./src/hotspot/share/classfile/systemDictionary.cpp, line 231]
Event: 14.671 Thread 0x000002ac37f80000 Exception <a 'java/lang/ClassNotFoundException'{0x0000000086b42608}: org/gradle/api/internal/file/AbstractFileCollectionBeanInfo> (0x0000000086b42608) thrown at [./src/hotspot/share/classfile/systemDictionary.cpp, line 231]
Event: 14.672 Thread 0x000002ac37f80000 Exception <a 'java/lang/ClassNotFoundException'{0x0000000086b5bdb8}: org/gradle/api/internal/file/AbstractFileCollectionCustomizer> (0x0000000086b5bdb8) thrown at [./src/hotspot/share/classfile/systemDictionary.cpp, line 231]
Event: 14.673 Thread 0x000002ac37f80000 Exception <a 'java/lang/ClassNotFoundException'{0x0000000086b97ba0}: org/gradle/api/internal/artifacts/configurations/DefaultConfigurationCustomizer> (0x0000000086b97ba0) thrown at [./src/hotspot/share/classfile/systemDictionary.cpp, line 231]
Event: 14.691 Thread 0x000002ac37f80000 Exception <a 'java/lang/ClassNotFoundException'{0x0000000086a22f98}: org/gradle/api/internal/artifacts/configurations/DefaultConfiguration_DecoratedCustomizer> (0x0000000086a22f98) thrown at [./src/hotspot/share/classfile/systemDictionary.cpp, line 231]
Event: 14.705 Thread 0x000002ac37f80000 Exception <a 'java/lang/ClassNotFoundException'{0x00000000868ac448}: org/codehaus/groovy/runtime/MethodClosureBeanInfo> (0x00000000868ac448) thrown at [./src/hotspot/share/classfile/systemDictionary.cpp, line 231]
Event: 14.709 Thread 0x000002ac37f80000 Exception <a 'java/lang/ClassNotFoundException'{0x0000000086684d28}: org/codehaus/groovy/runtime/MethodClosureCustomizer> (0x0000000086684d28) thrown at [./src/hotspot/share/classfile/systemDictionary.cpp, line 231]
Event: 14.713 Thread 0x000002ac37f80000 Exception <a 'java/lang/ClassNotFoundException'{0x00000000866ee708}: org/gradle/api/internal/artifacts/configurations/DefaultConfiguration$ConfigurationResolvableDependencies_DecoratedBeanInfo> (0x00000000866ee708) thrown at [./src/hotspot/share/classfile/systemDictionary.cpp, line 231]
Event: 14.714 Thread 0x000002ac37f80000 Exception <a 'java/lang/ClassNotFoundException'{0x0000000086520a18}: org/gradle/api/internal/artifacts/configurations/DefaultConfiguration$ConfigurationResolvableDependenciesBeanInfo> (0x0000000086520a18) thrown at [./src/hotspot/share/classfile/systemDictionary.cpp, line 231]
Event: 14.715 Thread 0x000002ac37f80000 Exception <a 'java/lang/ClassNotFoundException'{0x00000000865541f0}: org/gradle/api/internal/artifacts/configurations/DefaultConfiguration$ConfigurationResolvableDependenciesCustomizer> (0x00000000865541f0) thrown at [./src/hotspot/share/classfile/systemDictionary.cpp, line 231]
Event: 14.717 Thread 0x000002ac37f80000 Exception <a 'java/lang/ClassNotFoundException'{0x0000000086599200}: org/gradle/api/internal/artifacts/configurations/DefaultConfiguration$ConfigurationResolvableDependencies_DecoratedCustomizer> (0x0000000086599200) thrown at [./src/hotspot/share/classfile/systemDictionary.cpp, line 231]
Event: 15.548 Thread 0x000002ac37f80000 Exception <a 'java/lang/NoSuchMethodError'{0x0000000088b057b0}: 'java.lang.Object java.lang.invoke.Invokers$Holder.linkToTargetMethod(java.lang.Object, int, java.lang.Object)'> (0x0000000088b057b0) thrown at [./src/hotspot/share/interpreter/linkResolver.cpp, line 773]
Event: 15.762 Thread 0x000002ac37f80000 Exception <a 'sun/nio/fs/WindowsException'{0x00000000882e4690}> (0x00000000882e4690) thrown at [./src/hotspot/share/prims/jni.cpp, line 615]
Event: 15.762 Thread 0x000002ac37f80000 Exception <a 'sun/nio/fs/WindowsException'{0x00000000882e4a68}> (0x00000000882e4a68) thrown at [./src/hotspot/share/prims/jni.cpp, line 615]

Events (20 events):
Event: 15.849 loading class com/sun/xml/bind/api/RawAccessor
Event: 15.849 loading class com/sun/xml/bind/api/RawAccessor done
Event: 15.849 loading class com/sun/xml/bind/v2/runtime/JAXBContextImpl$5
Event: 15.849 loading class com/sun/xml/bind/v2/runtime/JAXBContextImpl$5 done
Event: 15.849 loading class com/sun/xml/bind/api/AccessorException
Event: 15.849 loading class com/sun/xml/bind/api/AccessorException done
Event: 15.849 loading class javax/xml/transform/TransformerConfigurationException
Event: 15.849 loading class javax/xml/transform/TransformerException
Event: 15.849 loading class javax/xml/transform/TransformerException done
Event: 15.849 loading class javax/xml/transform/TransformerConfigurationException done
Event: 15.849 loading class com/sun/xml/bind/api/BridgeContext
Event: 15.849 loading class com/sun/xml/bind/api/BridgeContext done
Event: 15.850 loading class com/sun/xml/bind/v2/runtime/BridgeContextImpl
Event: 15.850 loading class com/sun/xml/bind/v2/runtime/BridgeContextImpl done
Event: 15.850 loading class com/sun/xml/bind/v2/runtime/ArrayBeanInfoImpl
Event: 15.850 loading class com/sun/xml/bind/v2/runtime/ArrayBeanInfoImpl done
Event: 15.850 loading class com/sun/xml/bind/v2/runtime/ElementBeanInfoImpl
Event: 15.850 loading class com/sun/xml/bind/v2/runtime/ElementBeanInfoImpl done
Event: 15.851 loading class com/sun/xml/bind/v2/runtime/ClassBeanInfoImpl
Event: 15.851 loading class com/sun/xml/bind/v2/runtime/ClassBeanInfoImpl done


Dynamic libraries:
0x00007ff677870000 - 0x00007ff67787a000 	C:\Program Files\Android\Android Studio\jre\bin\java.exe
0x00007fff93e80000 - 0x00007fff94089000 	C:\WINDOWS\SYSTEM32\ntdll.dll
0x00007fff92e00000 - 0x00007fff92ebd000 	C:\WINDOWS\System32\KERNEL32.DLL
0x00007fff91600000 - 0x00007fff91979000 	C:\WINDOWS\System32\KERNELBASE.dll
0x00007fff91370000 - 0x00007fff91481000 	C:\WINDOWS\System32\ucrtbase.dll
0x00007fff7f6c0000 - 0x00007fff7f6d7000 	C:\Program Files\Android\Android Studio\jre\bin\VCRUNTIME140.dll
0x00007fff7ecc0000 - 0x00007fff7ecd9000 	C:\Program Files\Android\Android Studio\jre\bin\jli.dll
0x00007fff93920000 - 0x00007fff93acc000 	C:\WINDOWS\System32\USER32.dll
0x00007fff91a90000 - 0x00007fff91ab6000 	C:\WINDOWS\System32\win32u.dll
0x00007fff7e6e0000 - 0x00007fff7e985000 	C:\WINDOWS\WinSxS\amd64_microsoft.windows.common-controls_6595b64144ccf1df_6.0.22000.120_none_9d947278b86cc467\COMCTL32.dll
0x00007fff92690000 - 0x00007fff926b9000 	C:\WINDOWS\System32\GDI32.dll
0x00007fff91ac0000 - 0x00007fff91bd2000 	C:\WINDOWS\System32\gdi32full.dll
0x00007fff93010000 - 0x00007fff930b3000 	C:\WINDOWS\System32\msvcrt.dll
0x00007fff91980000 - 0x00007fff91a1d000 	C:\WINDOWS\System32\msvcp_win.dll
0x00007fff92db0000 - 0x00007fff92de1000 	C:\WINDOWS\System32\IMM32.DLL
0x00007fff4d810000 - 0x00007fff4d8ad000 	C:\Program Files\Android\Android Studio\jre\bin\msvcp140.dll
0x00007fff2e9a0000 - 0x00007fff2f475000 	C:\Program Files\Android\Android Studio\jre\bin\server\jvm.dll
0x00007fff926c0000 - 0x00007fff9276e000 	C:\WINDOWS\System32\ADVAPI32.dll
0x00007fff92820000 - 0x00007fff928be000 	C:\WINDOWS\System32\sechost.dll
0x00007fff93530000 - 0x00007fff93650000 	C:\WINDOWS\System32\RPCRT4.dll
0x00007fff92c50000 - 0x00007fff92c58000 	C:\WINDOWS\System32\PSAPI.DLL
0x00007fff7ed50000 - 0x00007fff7ed59000 	C:\WINDOWS\SYSTEM32\WSOCK32.dll
0x00007fff8bf20000 - 0x00007fff8bf53000 	C:\WINDOWS\SYSTEM32\WINMM.dll
0x00007fff92ec0000 - 0x00007fff92f2f000 	C:\WINDOWS\System32\WS2_32.dll
0x00007fff8b830000 - 0x00007fff8b83a000 	C:\WINDOWS\SYSTEM32\VERSION.dll
0x00007fff90520000 - 0x00007fff90538000 	C:\WINDOWS\SYSTEM32\kernel.appcore.dll
0x00007fff766e0000 - 0x00007fff766f1000 	C:\Program Files\Android\Android Studio\jre\bin\verify.dll
0x00007fff8ee10000 - 0x00007fff8f031000 	C:\WINDOWS\SYSTEM32\DBGHELP.DLL
0x00007fff7d3d0000 - 0x00007fff7d401000 	C:\WINDOWS\SYSTEM32\dbgcore.DLL
0x00007fff91ca0000 - 0x00007fff91d1f000 	C:\WINDOWS\System32\bcryptPrimitives.dll
0x00007fff58350000 - 0x00007fff58379000 	C:\Program Files\Android\Android Studio\jre\bin\java.dll
0x00007fff7ed10000 - 0x00007fff7ed1b000 	C:\Program Files\Android\Android Studio\jre\bin\jimage.dll
0x00007fff68360000 - 0x00007fff68378000 	C:\Program Files\Android\Android Studio\jre\bin\zip.dll
0x00007fff91d20000 - 0x00007fff924cf000 	C:\WINDOWS\System32\SHELL32.dll
0x00007fff8f4b0000 - 0x00007fff8fd18000 	C:\WINDOWS\SYSTEM32\windows.storage.dll
0x00007fff928d0000 - 0x00007fff92c48000 	C:\WINDOWS\System32\combase.dll
0x00007fff8f340000 - 0x00007fff8f4a6000 	C:\WINDOWS\SYSTEM32\wintypes.dll
0x00007fff937d0000 - 0x00007fff938ba000 	C:\WINDOWS\System32\SHCORE.dll
0x00007fff92d50000 - 0x00007fff92dad000 	C:\WINDOWS\System32\shlwapi.dll
0x00007fff912a0000 - 0x00007fff912c1000 	C:\WINDOWS\SYSTEM32\profapi.dll
0x00007fff64340000 - 0x00007fff6435a000 	C:\Program Files\Android\Android Studio\jre\bin\net.dll
0x00007fff8b6d0000 - 0x00007fff8b7dc000 	C:\WINDOWS\SYSTEM32\WINHTTP.dll
0x00007fff90940000 - 0x00007fff909a7000 	C:\WINDOWS\system32\mswsock.dll
0x00007fff615e0000 - 0x00007fff615f4000 	C:\Program Files\Android\Android Studio\jre\bin\nio.dll
0x00007fff7e500000 - 0x00007fff7e527000 	C:\Users\gavnu\.gradle\native\e1d6ef7f7dcc3fd88c89a11ec53ec762bb8ba0a96d01ffa2cd45eb1d1d8dd5c5\windows-amd64\native-platform.dll
0x00007fff4d2c0000 - 0x00007fff4d404000 	C:\Users\gavnu\.gradle\native\5664cfc778a61ccfe75a443a1ab52a65af34e5dc3c78e0209fed803814484fcb\windows-amd64\native-platform-file-events.dll
0x00007fff7ecb0000 - 0x00007fff7ecba000 	C:\Program Files\Android\Android Studio\jre\bin\management.dll
0x00007fff7ec60000 - 0x00007fff7ec6d000 	C:\Program Files\Android\Android Studio\jre\bin\management_ext.dll
0x00007fff90c10000 - 0x00007fff90c28000 	C:\WINDOWS\SYSTEM32\CRYPTSP.dll
0x00007fff90480000 - 0x00007fff904b5000 	C:\WINDOWS\system32\rsaenh.dll
0x00007fff909e0000 - 0x00007fff90a09000 	C:\WINDOWS\SYSTEM32\USERENV.dll
0x00007fff90d50000 - 0x00007fff90d77000 	C:\WINDOWS\SYSTEM32\bcrypt.dll
0x00007fff90b30000 - 0x00007fff90b3c000 	C:\WINDOWS\SYSTEM32\CRYPTBASE.dll
0x00007fff90050000 - 0x00007fff9007d000 	C:\WINDOWS\SYSTEM32\IPHLPAPI.DLL
0x00007fff927f0000 - 0x00007fff927f9000 	C:\WINDOWS\System32\NSI.dll
0x00007fff8b520000 - 0x00007fff8b539000 	C:\WINDOWS\SYSTEM32\dhcpcsvc6.DLL
0x00007fff8bae0000 - 0x00007fff8bafe000 	C:\WINDOWS\SYSTEM32\dhcpcsvc.DLL
0x00007fff90080000 - 0x00007fff90168000 	C:\WINDOWS\SYSTEM32\DNSAPI.dll

dbghelp: loaded successfully - version: 4.0.5 - missing functions: none
symbol engine: initialized successfully - sym options: 0x614 - pdb path: .;C:\Program Files\Android\Android Studio\jre\bin;C:\WINDOWS\SYSTEM32;C:\WINDOWS\WinSxS\amd64_microsoft.windows.common-controls_6595b64144ccf1df_6.0.22000.120_none_9d947278b86cc467;C:\Program Files\Android\Android Studio\jre\bin\server;C:\Users\gavnu\.gradle\native\e1d6ef7f7dcc3fd88c89a11ec53ec762bb8ba0a96d01ffa2cd45eb1d1d8dd5c5\windows-amd64;C:\Users\gavnu\.gradle\native\5664cfc778a61ccfe75a443a1ab52a65af34e5dc3c78e0209fed803814484fcb\windows-amd64

VM Arguments:
jvm_args: --add-opens=java.base/java.util=ALL-UNNAMED --add-opens=java.base/java.lang=ALL-UNNAMED --add-opens=java.base/java.lang.invoke=ALL-UNNAMED --add-opens=java.base/java.util=ALL-UNNAMED --add-opens=java.prefs/java.util.prefs=ALL-UNNAMED --add-opens=java.prefs/java.util.prefs=ALL-UNNAMED --add-opens=java.base/java.nio.charset=ALL-UNNAMED --add-opens=java.base/java.net=ALL-UNNAMED --add-opens=java.base/java.util.concurrent.atomic=ALL-UNNAMED -Xmx2048m -Dfile.encoding=UTF-8 -Duser.country=RU -Duser.language=ru -Duser.variant 
java_command: org.gradle.launcher.daemon.bootstrap.GradleDaemon 7.2
java_class_path (initial): C:\Users\gavnu\.gradle\wrapper\dists\gradle-7.2-bin\2dnblmf4td7x66yl1d74lt32g\gradle-7.2\lib\gradle-launcher-7.2.jar
Launcher Type: SUN_STANDARD

[Global flags]
     intx CICompilerCount                          = 4                                         {product} {ergonomic}
     uint ConcGCThreads                            = 2                                         {product} {ergonomic}
     uint G1ConcRefinementThreads                  = 8                                         {product} {ergonomic}
   size_t G1HeapRegionSize                         = 1048576                                   {product} {ergonomic}
    uintx GCDrainStackTargetSize                   = 64                                        {product} {ergonomic}
   size_t InitialHeapSize                          = 134217728                                 {product} {ergonomic}
   size_t MarkStackSize                            = 4194304                                   {product} {ergonomic}
   size_t MaxHeapSize                              = 2147483648                                {product} {command line}
   size_t MaxNewSize                               = 1287651328                                {product} {ergonomic}
   size_t MinHeapDeltaBytes                        = 1048576                                   {product} {ergonomic}
    uintx NonNMethodCodeHeapSize                   = 5836300                                {pd product} {ergonomic}
    uintx NonProfiledCodeHeapSize                  = 122910970                              {pd product} {ergonomic}
    uintx ProfiledCodeHeapSize                     = 122910970                              {pd product} {ergonomic}
    uintx ReservedCodeCacheSize                    = 251658240                              {pd product} {ergonomic}
     bool SegmentedCodeCache                       = true                                      {product} {ergonomic}
     bool UseCompressedClassPointers               = true                                 {lp64_product} {ergonomic}
     bool UseCompressedOops                        = true                                 {lp64_product} {ergonomic}
     bool UseG1GC                                  = true                                      {product} {ergonomic}
     bool UseLargePagesIndividualAllocation        = false                                  {pd product} {ergonomic}

Logging:
Log output configuration:
 #0: stdout all=warning uptime,level,tags
 #1: stderr all=off uptime,level,tags

Environment Variables:
PATH=C:\Program Files (x86)\Cuminas\Document Express DjVu Plug-in\;C:\Program Files (x86)\Common Files\Oracle\Java\javapath;C:\oraclexe\app\oracle\product\11.2.0\server\bin;C:\Program Files (x86)\Common Files\Intel\Shared Libraries\redist\intel64\compiler;C:\Windows\system32;C:\Windows;C:\Windows\System32\Wbem;C:\Windows\System32\WindowsPowerShell\v1.0\;C:\Windows\System32\OpenSSH\;C:\Program Files\NVIDIA Corporation\NVIDIA NvDLISR;C:\Program Files (x86)\NVIDIA Corporation\PhysX\Common;C:\Program Files\dotnet\;C:\Program Files (x86)\Avest\AvPCM_nces;C:\WINDOWS\system32;C:\WINDOWS;C:\WINDOWS\System32\Wbem;C:\WINDOWS\System32\WindowsPowerShell\v1.0\;C:\WINDOWS\System32\OpenSSH\;C:\Program Files\Git\cmd;C:\Program Files\WireGuard\;C:\Program Files\PuTTY\;C:\matlab\runtime\win64;C:\matlab\bin;C:\matlab\polyspace\bin;C:\Program Files\Docker\Docker\resources\bin;C:\ProgramData\DockerDesktop\version-bin;C:\Ruby31-x64\bin;C:\Users\gavnu\AppData\Local\Programs\Python\Python39\Scripts\;C:\Users\gavnu\AppData\Local\Programs\Python\Python39\;C:\Users\gavnu\AppData\Local\Microsoft\WindowsApps;C:\Users\gavnu\AppData\Local\Programs\Microsoft VS Code\bin;C:\MinGW\bin;C:\Program Files\JetBrains\IntelliJ IDEA 2020.3.2\bin;C:\Program Files\JetBrains\IntelliJ IDEA Community Edition 2020.3.2\bin;C:\DSM51\ConTEXT\bin;C:\Users\gavnu\AppData\Local\Programs\MiKTeX 2.9\miktex\bin\x64\;C:\Program Files\JetBrains\RubyMine 2021.3.3\bin
USERNAME=gavnu
OS=Windows_NT
PROCESSOR_IDENTIFIER=Intel64 Family 6 Model 158 Stepping 10, GenuineIntel



---------------  S Y S T E M  ---------------

OS: Windows 10 , 64 bit Build 22000 (10.0.22000.675)
OS uptime: 4 days 1:13 hours
Hyper-V role detected

CPU:total 8 (initial active 8) (4 cores per cpu, 2 threads per core) family 6 model 158 stepping 10 microcode 0xde, cmov, cx8, fxsr, mmx, sse, sse2, sse3, ssse3, sse4.1, sse4.2, popcnt, avx, avx2, aes, clmul, erms, 3dnowpref, lzcnt, ht, tsc, tscinvbit, bmi1, bmi2, adx, fma

Memory: 4k page, system-wide physical 8066M (106M free)
TotalPageFile size 20066M (AvailPageFile size 3M)
current process WorkingSet (physical memory assigned to process): 359M, peak: 364M
current process commit charge ("private bytes"): 399M, peak: 404M

vm_info: OpenJDK 64-Bit Server VM (11.0.11+9-b60-7590822) for windows-amd64 JRE (11.0.11+9-b60-7590822), built on Jul 29 2021 21:43:44 by "builder" with MS VC++ 14.0 (VS2015)

END.
